Arguments: 
  /Users/npointer/.nvm/versions/node/v6.10.3/bin/node /usr/local/bin/yarn add redux

PATH: 
  /Library/Frameworks/Python.framework/Versions/3.5/bin:/Users/npointer/.nvm/versions/node/v6.10.3/bin:/Users/npointer/.cabal/bin:/usr/local/bin:/usr/local/bin:/usr/bin:/bin:/usr/sbin:/sbin

Yarn version: 
  0.24.6

Node version: 
  6.10.3

Platform: 
  darwin x64

npm manifest: 
  No manifest

yarn manifest: 
  No manifest

Lockfile: 
  No lockfile

Trace: 
  Error: getaddrinfo ENOTFOUND npm.aws.cbtnuggets.com npm.aws.cbtnuggets.com:80
      at errnoException (dns.js:28:10)
      at GetAddrInfoReqWrap.onlookup [as oncomplete] (dns.js:76:26)
